<?xml version="1.0" encoding="UTF-8"?>
<testsuite xmlns:xsi="http://www.w3.org/2001/XMLSchema-instance" xsi:noNamespaceSchemaLocation="https://maven.apache.org/surefire/maven-surefire-plugin/xsd/surefire-test-report.xsd" name="TestSuite" time="4.674" tests="1" errors="0" skipped="0" failures="1">
  <properties>
[...]
</properties>
  <testcase name="runScenario" classname="com.TestLauncher.TestRunner" time="3.558">
    <failure message="Failed to parse the JSON document" type="com.jayway.restassured.path.json.exception.JsonPathException">com.jayway.restassured.path.json.exception.JsonPathException: Failed to parse the JSON document
Caused by: groovy.json.JsonException: Lexing failed on line: 1, column: 1, while reading 'E', no possible valid JSON value or punctuation could be recognized.
</failure>
    <system-out><![CDATA[No features found at [@rerun/failed_scenarios.txt]

0 Scenarios
0 Steps
0m0.001s

https://cibdev.rblbank.com/corp
File Is Copiedhttps://cibdev.rblbank.com/corp/otp/api/v1/generateOtpRequest method:	POST
Request path:	https://cibdev.rblbank.com/corp/otp/api/v1/generateOtp
Proxy:			<none>
Request params:	<none>
Query params:	<none>
Form params:	<none>
Path params:	<none>
Multiparts:		<none>
Headers:		Accept=application/json
				Content-Type=application/json
Cookies:		<none>
Body:
{
    "OTPGeneration": {
        "RequestHeader": {
            "Security": {
                "Token": {
                    "MessageHashKey": "",
                    "MessageIndex": "",
                    "PasswordToken": {
                        "Password": "",
                        "UserId": "7873033125"
                    },
                    "Certificate": ""
                }
            },
            "AdditionalInfo": {
                "SessionId": "",
                "JourneyId": "",
                "LanguageId": "",
                "SVersion": ""
            },
            "DeviceInfo": {
                "DeviceName": "",
                "DeviceVersion": "",
                "DeviceID": "",
                "DeviceOS": "",
                "AppVersion": "",
                "DeviceFormat": "",
                "DeviceFamily": "",
                "DeviceType": "",
                "DeviceIp": "",
                "DeviceIMEI": ""
            },
            "RequestMessageInfo": {
                "MessageDateTime": "2021-09-13T06:42:14.349",
                "BankId": "01",
                "TimeZone": "GMT+05:00"
            },
            "MessageKey": {
                "ChannelId": "BWY",
                "RequestUUID": "1604406854349",
                "ServiceRequestId": "GENOTP",
                "ServiceRequestVersion": "10.2"
            }
        },
        "RequestBody": {
            "OTPGenerationRequestBody": {
                "requestId": "18Mvk1cmjvcokilf2fca",
                "email": "john.doe@rblbank.com",
                "mobileno": "8888888888",
                "channelId": "EBAUTH",
                "deliveryFlag": "E",
                "serviceType": "N",
                "IsNRI": "N",
                "TransactionRefID": "234sdfgfd35y",
                "customerName": "John",
                "optionalField1": "John",
                "optionalField2": "14",
                "optionalField3": "99421",
                "optionalField4": "",
                "optionalField5": ""
            }
        }
    }
}
404X-Frame-Options=SAMEORIGIN
$WSEP=
Vary=Accept-Encoding
Content-Encoding=gzip
Access-Control-Allow-Origin=rblbank.com
X-Content-Type-Options=nosniff
X-XSS-Protection=1; mode=block
Strict-Transport-Security=max-age=31536000; includeSubDomains
Content-Security-Policy=default-src 'self' fqlvzyatcf.execute-api.ap-south-1.amazonaws.com 'unsafe-inline' 'unsafe-eval';script-src 'self' fqlvzyatcf.execute-api.ap-south-1.amazonaws.com 'unsafe-inline' 'unsafe-eval';img-src 'self' fqlvzyatcf.execute-api.ap-south-1.amazonaws.com data:;frame-ancestors 'self' fqlvzyatcf.execute-api.ap-south-1.amazonaws.com
Content-Type=text/html;charset=ISO-8859-1
Content-Language=en-US
Content-Length=113
Expires=Tue, 30 Aug 2022 10:42:42 GMT
Cache-Control=max-age=0, no-cache, no-store
Pragma=no-cache
Date=Tue, 30 Aug 2022 10:42:42 GMT
Connection=close
Set-Cookie=wsln=5541545f31; Secure
Server-Timing=cdn-cache; desc=MISS
Server-Timing=edge; dur=9
Server-Timing=origin; dur=80
X-Akamai-Staging=ESSLError 404: java.io.FileNotFoundException: SRVE0190E: File not found: /otp/api/v1/generateOtp
Error 404: java.io.FileNotFoundException: SRVE0190E: File not found: /otp/api/v1/generateOtp
Error 404: java.io.FileNotFoundException: SRVE0190E: File not found: /otp/api/v1/generateOtp
]]></system-out>
    <system-err><![CDATA[Starting ChromeDriver 104.0.5112.79 (3cf3e8c8a07d104b9e1260c910efb8f383285dc5-refs/branch-heads/5112@{#1307}) on port 43591
Only local connections are allowed.
Please see https://chromedriver.chromium.org/security-considerations for suggestions on keeping ChromeDriver safe.
ChromeDriver was started successfully.
Aug 30, 2022 4:12:41 PM org.openqa.selenium.remote.ProtocolHandshake createSession
INFO: Detected dialect: W3C
]]></system-err>
  </testcase>
</testsuite>