<?xml version="1.0" encoding="UTF-8"?>
<testng-results total="1" passed="1" failed="0" skipped="0">
  <reporter-output>
    <line>
      <![CDATA[Step Description--> Open URL - 'https://cibdev.rblbank.com/corp/'.]]>
    </line>
    <line>
      <![CDATA[Step Description--> Set Input Corporate User ID in Corporate Internet Banking Login Page || Input Value : Boma30070.Dual2]]>
    </line>
    <line>
      <![CDATA[Step Description--> Click Next Button on Next]]>
    </line>
  </reporter-output>
  <suite started-at="2022-10-10T09:43:43Z" name="Default suite" finished-at="2022-10-10T09:44:08Z" duration-ms="25457">
    <groups>
      <group name="cucumber">
        <method signature="AbstractTestNGCucumberTests.runScenario(cucumber.api.testng.PickleEventWrapper, cucumber.api.testng.CucumberFeatureWrapper)[pri:0, instance:com.TestLauncher.TestRunner@79351f41]" name="runScenario" class="cucumber.api.testng.AbstractTestNGCucumberTests"/>
      </group> <!-- cucumber -->
    </groups>
    <test started-at="2022-10-10T09:43:43Z" name="Default test" finished-at="2022-10-10T09:44:08Z" duration-ms="25457">
      <class name="com.TestLauncher.TestRunner">
        <test-method is-config="true" signature="setUpClass()[pri:0, instance:com.TestLauncher.TestRunner@79351f41]" started-at="2022-10-10T15:13:43Z" name="setUpClass" finished-at="2022-10-10T15:13:43Z" duration-ms="161" status="PASS">
          <reporter-output>
          </reporter-output>
        </test-method> <!-- setUpClass -->
        <test-method signature="runScenario(cucumber.api.testng.PickleEventWrapper, cucumber.api.testng.CucumberFeatureWrapper)[pri:0, instance:com.TestLauncher.TestRunner@79351f41]" started-at="2022-10-10T15:13:43Z" name="runScenario" description="Runs Cucumber Scenarios" data-provider="scenarios" finished-at="2022-10-10T15:14:08Z" duration-ms="24807" status="PASS">
          <params>
            <param index="0">
              <value>
                <![CDATA["NEFT01_DualUser_TC001"]]>
              </value>
            </param>
            <param index="1">
              <value>
                <![CDATA["Dual user Imps Corporate internet banking TestCase"]]>
              </value>
            </param>
          </params>
          <reporter-output>
            <line>
              <![CDATA[Step Description--> Open URL - 'https://cibdev.rblbank.com/corp/'.]]>
            </line>
            <line>
              <![CDATA[Step Description--> Set Input Corporate User ID in Corporate Internet Banking Login Page || Input Value : Boma30070.Dual2]]>
            </line>
            <line>
              <![CDATA[Step Description--> Click Next Button on Next]]>
            </line>
          </reporter-output>
        </test-method> <!-- runScenario -->
        <test-method is-config="true" signature="tearDownClass()[pri:0, instance:com.TestLauncher.TestRunner@79351f41]" started-at="2022-10-10T15:14:08Z" name="tearDownClass" finished-at="2022-10-10T15:14:08Z" duration-ms="444" status="PASS">
          <reporter-output>
          </reporter-output>
        </test-method> <!-- tearDownClass -->
      </class> <!-- com.TestLauncher.TestRunner -->
    </test> <!-- Default test -->
  </suite> <!-- Default suite -->
</testng-results>
